<?xml version="1.0" encoding="UTF-8"?>
<testsuite xmlns:xsi="http://www.w3.org/2001/XMLSchema-instance" xsi:noNamespaceSchemaLocation="https://maven.apache.org/surefire/maven-surefire-plugin/xsd/surefire-test-report.xsd" version="3.0.2" name="com.mytadika.service.StudentServiceTest" time="0.317" tests="4" errors="0" skipped="0" failures="0" flakes="0">
  <properties>
[...]
</properties>
  <testcase name="getStudentScoped_allowsOwningParent" classname="com.mytadika.service.StudentServiceTest" time="0.3"/>
  <testcase name="getStudentScoped_allowsAdminRegardlessOfOwnership" classname="com.mytadika.service.StudentServiceTest" time="0.003"/>
  <testcase name="getStudentScoped_allowsTeacherRegardlessOfOwnership" classname="com.mytadika.service.StudentServiceTest" time="0.004"/>
  <testcase name="getStudentScoped_rejectsNonOwningParent" classname="com.mytadika.service.StudentServiceTest" time="0.005"/>
</testsuite>